
Showing logs for build [32mmeta-cb-kubecd-bdd-gh-156807481-4g6zk-1[0m stage [32mmeta-pipeline[0m and container [32mstep-credential-initializer-5ktr6[0m
{"level":"warn","ts":1568075052.983573,"logger":"fallback-logger","caller":"logging/config.go:69","msg":"Fetch GitHub commit ID from kodata failed: \"ref: refs/heads/master\" is not a valid GitHub commit ID"}
{"level":"info","ts":1568075052.984201,"logger":"fallback-logger","caller":"creds-init/main.go:40","msg":"Credentials initialized."}

Showing logs for build [32mmeta-cb-kubecd-bdd-gh-156807481-4g6zk-1[0m stage [32mmeta-pipeline[0m and container [32mstep-working-dir-initializer-7gjtp[0m
{"level":"warn","ts":1568075053.9095807,"logger":"fallback-logger","caller":"logging/config.go:69","msg":"Fetch GitHub commit ID from kodata failed: open /var/run/ko/HEAD: no such file or directory"}
{"level":"info","ts":1568075053.9112155,"logger":"fallback-logger","caller":"bash/main.go:65","msg":"Successfully executed command \"mkdir -p /workspace/source\""}

Showing logs for build [32mmeta-cb-kubecd-bdd-gh-156807481-4g6zk-1[0m stage [32mmeta-pipeline[0m and container [32mstep-place-tools[0m

Showing logs for build [32mmeta-cb-kubecd-bdd-gh-156807481-4g6zk-1[0m stage [32mmeta-pipeline[0m and container [32mstep-git-source-meta-cb-kubecd-bdd-gh-156807481-5x85h[0m
{"level":"warn","ts":1568075058.030018,"logger":"fallback-logger","caller":"logging/config.go:69","msg":"Fetch GitHub commit ID from kodata failed: \"ref: refs/heads/master\" is not a valid GitHub commit ID"}
{"level":"info","ts":1568075059.1341684,"logger":"fallback-logger","caller":"git/git.go:102","msg":"Successfully cloned https://github.com/cb-kubecd/bdd-gh-1568074819.git @ a9244de2c19bb490dbc0bbff8f52472e8c313914 in path /workspace/source"}

Showing logs for build [32mmeta-cb-kubecd-bdd-gh-156807481-4g6zk-1[0m stage [32mmeta-pipeline[0m and container [32mstep-git-merge[0m
Using SHAs from PULL_REFS=master:a9244de2c19bb490dbc0bbff8f52472e8c313914,1:fd58d811c581718af19783345b17f944609fd37a
DEBUG: ran git fetch --unshallow origin fd58d811c581718af19783345b17f944609fd37a: a9244de2c19bb490dbc0bbff8f52472e8c313914: in 
DEBUG: ran git checkout master in 
DEBUG: ran git reset --hard a9244de2c19bb490dbc0bbff8f52472e8c313914 in 
DEBUG: ran clean --force -d . in 
DEBUG: ran git merge fd58d811c581718af19783345b17f944609fd37a in 
Merged SHA fd58d811c581718af19783345b17f944609fd37a with commit message 'My first PR commit' into base branch master

Showing logs for build [32mmeta-cb-kubecd-bdd-gh-156807481-4g6zk-1[0m stage [32mmeta-pipeline[0m and container [32mstep-merge-pull-refs[0m
DEBUG: ran git fetch origin fd58d811c581718af19783345b17f944609fd37a: a9244de2c19bb490dbc0bbff8f52472e8c313914: in 
DEBUG: Unshallowed git repo in 
DEBUG: ran git checkout master in 
DEBUG: ran git reset --hard a9244de2c19bb490dbc0bbff8f52472e8c313914 in 
DEBUG: ran clean --force -d . in 
DEBUG: ran git merge fd58d811c581718af19783345b17f944609fd37a in 
Merged SHA fd58d811c581718af19783345b17f944609fd37a with commit message 'My first PR commit' into base branch master

Showing logs for build [32mmeta-cb-kubecd-bdd-gh-156807481-4g6zk-1[0m stage [32mmeta-pipeline[0m and container [32mstep-create-effective-pipeline[0m
Deleting and cloning the Jenkins X versions repo
Cloning the Jenkins X versions repo https://github.com/jenkins-x/jenkins-x-versions.git with revision 985fb080c78a68bc4860457337153aaba0791d76 to /builder/home/.**/jenkins-x-versions
From https://github.com/jenkins-x/jenkins-x-versions
 * branch            985fb080c78a68bc4860457337153aaba0791d76 -> FETCH_HEAD
Effective pipeline written to jenkins-x-serverless-jenkins-effective.yml

Showing logs for build [32mmeta-cb-kubecd-bdd-gh-156807481-4g6zk-1[0m stage [32mmeta-pipeline[0m and container [32mstep-create-tekton-crds[0m
Deleting and cloning the Jenkins X versions repo
Cloning the Jenkins X versions repo https://github.com/jenkins-x/jenkins-x-versions.git with revision 985fb080c78a68bc4860457337153aaba0791d76 to /builder/home/.**/jenkins-x-versions
From https://github.com/jenkins-x/jenkins-x-versions
 * branch            985fb080c78a68bc4860457337153aaba0791d76 -> FETCH_HEAD
PipelineActivity for cb-kubecd-bdd-gh-1568074819-PR-1-1
Applying changes 
upserted PipelineResource cb-kubecd-bdd-gh-1568074819-pr for the git repository https://github.com/cb-kubecd/bdd-gh-1568074819.git
upserted Task cb-kubecd-bdd-gh-1568074819-pr-from-build-pack-1
upserted Pipeline cb-kubecd-bdd-gh-1568074819-pr-1
created PipelineRun cb-kubecd-bdd-gh-1568074819-pr-1
created PipelineStructure cb-kubecd-bdd-gh-1568074819-pr-1

Showing logs for build [32mmeta-cb-kubecd-bdd-gh-156807481-4g6zk-1[0m stage [32mfrom-build-pack[0m and container [32mstep-credential-initializer-vshbn[0m
{"level":"warn","ts":1568075074.31585,"logger":"fallback-logger","caller":"logging/config.go:69","msg":"Fetch GitHub commit ID from kodata failed: \"ref: refs/heads/master\" is not a valid GitHub commit ID"}
{"level":"info","ts":1568075074.316333,"logger":"fallback-logger","caller":"creds-init/main.go:40","msg":"Credentials initialized."}

Showing logs for build [32mmeta-cb-kubecd-bdd-gh-156807481-4g6zk-1[0m stage [32mfrom-build-pack[0m and container [32mstep-working-dir-initializer-hfzt4[0m
{"level":"warn","ts":1568075075.6284335,"logger":"fallback-logger","caller":"logging/config.go:69","msg":"Fetch GitHub commit ID from kodata failed: open /var/run/ko/HEAD: no such file or directory"}
{"level":"info","ts":1568075075.6297312,"logger":"fallback-logger","caller":"bash/main.go:65","msg":"Successfully executed command \"mkdir -p /workspace/source /workspace/source/charts/preview\""}

Showing logs for build [32mmeta-cb-kubecd-bdd-gh-156807481-4g6zk-1[0m stage [32mfrom-build-pack[0m and container [32mstep-place-tools[0m

waiting for stage [32mfrom-build-pack[0m : container [32mstep-git-source-cb-kubecd-bdd-gh-1568074819-pr-tlngv[0m to start...


Showing logs for build [32mmeta-cb-kubecd-bdd-gh-156807481-4g6zk-1[0m stage [32mfrom-build-pack[0m and container [32mstep-git-source-cb-kubecd-bdd-gh-1568074819-pr-tlngv[0m
{"level":"warn","ts":1568075140.7398028,"logger":"fallback-logger","caller":"logging/config.go:69","msg":"Fetch GitHub commit ID from kodata failed: \"ref: refs/heads/master\" is not a valid GitHub commit ID"}
{"level":"info","ts":1568075141.9405558,"logger":"fallback-logger","caller":"git/git.go:102","msg":"Successfully cloned https://github.com/cb-kubecd/bdd-gh-1568074819.git @ master in path /workspace/source"}

waiting for stage [32mfrom-build-pack[0m : container [32mstep-git-merge[0m to start...


Showing logs for build [32mmeta-cb-kubecd-bdd-gh-156807481-4g6zk-1[0m stage [32mfrom-build-pack[0m and container [32mstep-git-merge[0m
Using SHAs from PULL_REFS=master:a9244de2c19bb490dbc0bbff8f52472e8c313914,1:fd58d811c581718af19783345b17f944609fd37a
DEBUG: ran git fetch --unshallow origin fd58d811c581718af19783345b17f944609fd37a: a9244de2c19bb490dbc0bbff8f52472e8c313914: in 
DEBUG: ran git checkout master in 
DEBUG: ran git reset --hard a9244de2c19bb490dbc0bbff8f52472e8c313914 in 
DEBUG: ran clean --force -d . in 
DEBUG: ran git merge fd58d811c581718af19783345b17f944609fd37a in 
Merged SHA fd58d811c581718af19783345b17f944609fd37a with commit message 'My first PR commit' into base branch master

waiting for stage [32mfrom-build-pack[0m : container [32mstep-build-make-linux[0m to start...


Showing logs for build [32mmeta-cb-kubecd-bdd-gh-156807481-4g6zk-1[0m stage [32mfrom-build-pack[0m and container [32mstep-build-make-linux[0m
CGO_ENABLED=0 GOOS=linux GOARCH=amd64 GO15VENDOREXPERIMENT=1 go build -ldflags '' -o bin/bdd-gh-1568074819 main.go

waiting for stage [32mfrom-build-pack[0m : container [32mstep-build-container-build[0m to start...


Showing logs for build [32mmeta-cb-kubecd-bdd-gh-156807481-4g6zk-1[0m stage [32mfrom-build-pack[0m and container [32mstep-build-container-build[0m
[36mINFO[0m[0000] No base image, nothing to extract            
[36mINFO[0m[0000] cmd: EXPOSE                                  
[36mINFO[0m[0000] Adding exposed port: 8080/tcp                
[36mINFO[0m[0000] Using files from context: [/workspace/source/bin] 
[36mINFO[0m[0000] Skipping unpacking as no commands require it. 
[36mINFO[0m[0000] Taking snapshot of full filesystem...        
[36mINFO[0m[0000] EXPOSE 8080                                  
[36mINFO[0m[0000] cmd: EXPOSE                                  
[36mINFO[0m[0000] Adding exposed port: 8080/tcp                
[36mINFO[0m[0000] No files changed in this command, skipping snapshotting. 
[36mINFO[0m[0000] ENTRYPOINT ["/bdd-gh-1568074819"]            
[36mINFO[0m[0000] No files changed in this command, skipping snapshotting. 
[36mINFO[0m[0000] Using files from context: [/workspace/source/bin] 
[36mINFO[0m[0000] COPY ./bin/ /                                
[36mINFO[0m[0000] Taking snapshot of files...                  
2019/09/10 00:25:54 pushed blob: sha256:2c5adbab3d6cd0280cf1ceebaf61840bf886506ca984b2b8952d1dbb539ff37f
2019/09/10 00:25:56 pushed blob: sha256:38d9baf5790f6850ccffa8b793807e2c5e6b045c6bf4d99ffc6afd716ecca5bf
2019/09/10 00:25:57 gcr.io/jenkins-x-bdd2/bdd-gh-1568074819:0.0.0-SNAPSHOT-PR-1-1: digest: sha256:9a1c6f6cb42cc8035811afc1b0d599655552e50d03fea14551c6e4e86d55c6bf size: 428

waiting for stage [32mfrom-build-pack[0m : container [32mstep-postbuild-post-build[0m to start...


Showing logs for build [32mmeta-cb-kubecd-bdd-gh-156807481-4g6zk-1[0m stage [32mfrom-build-pack[0m and container [32mstep-postbuild-post-build[0m
no CVE provider running in the current ** namespace so skip adding image to be analysed

waiting for stage [32mfrom-build-pack[0m : container [32mstep-promote-make-preview[0m to start...


Showing logs for build [32mmeta-cb-kubecd-bdd-gh-156807481-4g6zk-1[0m stage [32mfrom-build-pack[0m and container [32mstep-promote-make-preview[0m
sed -i -e "s/version:.*/version: 0.0.0-SNAPSHOT-PR-1-1/" Chart.yaml
sed -i -e "s/version:.*/version: 0.0.0-SNAPSHOT-PR-1-1/" ../*/Chart.yaml
sed -i -e "s|repository:.*|repository: gcr.io\/jenkins-x-bdd2\/bdd-gh-1568074819|" values.yaml
sed -i -e "s/tag:.*/tag: 0.0.0-SNAPSHOT-PR-1-1/" values.yaml
echo "  version: 0.0.0-SNAPSHOT-PR-1-1" >> requirements.yaml
** step helm build
WARNING: No $CHART_REPOSITORY defined so using the default value of: http://jenkins-x-chartmuseum:8080
Adding missing Helm repo: storage.googleapis.com https://storage.googleapis.com/chartmuseum.jenkins-x.io
Successfully added Helm repository storage.googleapis.com.
Adding missing Helm repo: jenkins-x-chartmuseum http://jenkins-x-chartmuseum:8080
Successfully added Helm repository jenkins-x-chartmuseum.
WARNING: No $CHART_REPOSITORY defined so using the default value of: http://jenkins-x-chartmuseum:8080
Adding missing Helm repo: chartmuseum.jenkins-x.io http://chartmuseum.jenkins-x.io
Successfully added Helm repository chartmuseum.jenkins-x.io.

waiting for stage [32mfrom-build-pack[0m : container [32mstep-promote-jx-preview[0m to start...


Showing logs for build [32mmeta-cb-kubecd-bdd-gh-156807481-4g6zk-1[0m stage [32mfrom-build-pack[0m and container [32mstep-promote-jx-preview[0m
Creating a preview
WARNING: No author for commit: fd58d811c581718af19783345b17f944609fd37a
Created environment cb-kubecd-bdd-gh-1568074819-pr-1
Namespace **-cb-kubecd-bdd-gh-1568074819-pr-1 created 
expose:
  Annotations:
    helm.sh/hook: post-install,post-upgrade
    helm.sh/hook-delete-policy: hook-succeeded
  config:
    domain: 34.77.75.218.nip.io
    exposer: Ingress
    http: "true"
preview:
  image:
    repository: gcr.io/jenkins-x-bdd2/bdd-gh-1568074819
    tag: 0.0.0-SNAPSHOT-PR-1-1
Deleting and cloning the Jenkins X versions repo
Cloning the Jenkins X versions repo https://github.com/jenkins-x/jenkins-x-versions.git with revision 985fb080c78a68bc4860457337153aaba0791d76 to /builder/home/.**/jenkins-x-versions
From https://github.com/jenkins-x/jenkins-x-versions
 * branch            985fb080c78a68bc4860457337153aaba0791d76 -> FETCH_HEAD


Updating PipelineActivities cb-kubecd-bdd-gh-1568074819-pr-1-1 which has status 
Preview application is now available at: http://bdd-gh-1568074819.**-cb-kubecd-bdd-gh-1568074819-pr-1.34.77.75.218.nip.io
